<?xml version="1.0" encoding="UTF-8"?>
<!-- Generated by org.testng.reporters.JUnitReportReporter -->
<testsuite hostname="Mahesh-Biswal" failures="0" tests="4" name="GINGA_ka_Jhore.Login_Test" time="0.022" errors="0" timestamp="2023-04-05T09:30:57 IST" skipped="0">
  <testcase classname="GINGA_ka_Jhore.Login_Test" name="m1" time="0.012"/>
  <system-out/>
  <testcase classname="GINGA_ka_Jhore.Login_Test" name="m2" time="0.003"/>
  <system-out/>
  <testcase classname="GINGA_ka_Jhore.Login_Test" name="m3" time="0.004"/>
  <system-out/>
  <testcase classname="GINGA_ka_Jhore.Login_Test" name="m5" time="0.003"/>
  <system-out/>
</testsuite> <!-- GINGA_ka_Jhore.Login_Test -->
