<?xml version="1.0" encoding="UTF-8"?>
<!-- Generated by org.testng.reporters.JUnitReportReporter -->
<testsuite hostname="Mahesh-Biswal" failures="0" tests="1" name="GINGA_ka_Jhore.home_Test" time="0.022" errors="0" timestamp="2023-04-05T09:13:17 IST" skipped="0">
  <testcase classname="GINGA_ka_Jhore.home_Test" name="m4" time="0.022"/>
  <system-out/>
</testsuite> <!-- GINGA_ka_Jhore.home_Test -->
