<?xml version="1.0" encoding="UTF-8"?>
<!-- Generated by org.testng.reporters.JUnitReportReporter -->
<testsuite skipped="0" hostname="Mahesh-Biswal" name="GINGA_ka_Jhore.home_Test" tests="1" failures="0" timestamp="2023-04-03T10:13:34 IST" time="0.002" errors="0">
  <testcase name="m4" time="0.002" classname="GINGA_ka_Jhore.home_Test"/>
  <system-out/>
</testsuite> <!-- GINGA_ka_Jhore.home_Test -->
