<?xml version="1.0" encoding="UTF-8"?>
<!-- Generated by org.testng.reporters.JUnitReportReporter -->
<testsuite skipped="0" hostname="Mahesh-Biswal" name="GINGA_ka_Jhore.ParameterTests" tests="1" failures="0" timestamp="2023-04-03T10:15:50 IST" time="0.009" errors="0">
  <testcase name="test" time="0.009" classname="GINGA_ka_Jhore.ParameterTests"/>
  <system-out/>
</testsuite> <!-- GINGA_ka_Jhore.ParameterTests -->
