<?xml version="1.0" encoding="UTF-8"?>
<!-- Generated by org.testng.reporters.JUnitReportReporter -->
<testsuite skipped="0" hostname="Mahesh-Biswal" name="GINGA_ka_Jhore.Login_Test" tests="1" failures="0" timestamp="2023-04-03T10:14:43 IST" time="0.010" errors="0">
  <testcase name="m3" time="0.010" classname="GINGA_ka_Jhore.Login_Test"/>
  <system-out/>
</testsuite> <!-- GINGA_ka_Jhore.Login_Test -->
